<?xml version="1.0" encoding="UTF-8"?>
<!-- Generated by org.testng.reporters.JUnitReportReporter -->
<testsuite hostname="fpkincedoqcw53" failures="0" tests="1" name="TestCases.LoginPageTest" time="49.779" errors="0" timestamp="2023-05-11T08:02:23 PDT" skipped="0">
  <testcase classname="TestCases.LoginPageTest" name="openLoginPage" time="49.779"/>
  <system-out/>
</testsuite> <!-- TestCases.LoginPageTest -->
