<?xml version="1.0" encoding="UTF-8"?>
<!-- Generated by org.testng.reporters.JUnitReportReporter -->
<testsuite hostname="fpkincedoqcw53" failures="0" tests="1" name="TestCases.BuyNowProductTest" time="43.205" errors="0" timestamp="2023-05-12T02:08:55 PDT" skipped="0">
  <testcase classname="TestCases.BuyNowProductTest" name="openLoginPage" time="43.205"/>
  <system-out/>
</testsuite> <!-- TestCases.BuyNowProductTest -->
